{"C:\\Users\\KobeD\\Dropbox\\My PC (LAPTOP-BJSR469K)\\Documents\\TI-G2A2\\Web-services\\ExamenOpdracht\\webservices-pieter-2122-kobeDehandschutter\\config\\custom-environment-variables.js": {"path":"C:\\Users\\KobeD\\Dropbox\\My PC (LAPTOP-BJSR469K)\\Documents\\TI-G2A2\\Web-services\\ExamenOpdracht\\webservices-pieter-2122-kobeDehandschutter\\config\\custom-environment-variables.js","statementMap":{"0":{"start":{"line":1,"column":0},"end":{"line":3,"column":2}}},"fnMap":{},"branchMap":{},"s":{"0":1},"f":{},"b":{},"_coverageSchema":"1a1c01bbd47fc00a2c39e90264f33305004495a9","hash":"4f0b0fbcbf5093bfa42fa41ce8d38324ed458339"}
,"C:\\Users\\KobeD\\Dropbox\\My PC (LAPTOP-BJSR469K)\\Documents\\TI-G2A2\\Web-services\\ExamenOpdracht\\webservices-pieter-2122-kobeDehandschutter\\config\\test.js": {"path":"C:\\Users\\KobeD\\Dropbox\\My PC (LAPTOP-BJSR469K)\\Documents\\TI-G2A2\\Web-services\\ExamenOpdracht\\webservices-pieter-2122-kobeDehandschutter\\config\\test.js","statementMap":{"0":{"start":{"line":1,"column":0},"end":{"line":44,"column":2}}},"fnMap":{},"branchMap":{},"s":{"0":1},"f":{},"b":{},"_coverageSchema":"1a1c01bbd47fc00a2c39e90264f33305004495a9","hash":"9241fae7fa9834b65e32fa8c1e0a9857ac13d5c2"}
,"C:\\Users\\KobeD\\Dropbox\\My PC (LAPTOP-BJSR469K)\\Documents\\TI-G2A2\\Web-services\\ExamenOpdracht\\webservices-pieter-2122-kobeDehandschutter\\src\\core\\logging.js": {"path":"C:\\Users\\KobeD\\Dropbox\\My PC (LAPTOP-BJSR469K)\\Documents\\TI-G2A2\\Web-services\\ExamenOpdracht\\webservices-pieter-2122-kobeDehandschutter\\src\\core\\logging.js","statementMap":{"0":{"start":{"line":1,"column":16},"end":{"line":1,"column":34}},"1":{"start":{"line":2,"column":55},"end":{"line":2,"column":69}},"2":{"start":{"line":6,"column":18},"end":{"line":21,"column":1}},"3":{"start":{"line":7,"column":24},"end":{"line":14,"column":78}},"4":{"start":{"line":14,"column":4},"end":{"line":14,"column":78}},"5":{"start":{"line":16,"column":22},"end":{"line":17,"column":42}},"6":{"start":{"line":17,"column":4},"end":{"line":17,"column":42}},"7":{"start":{"line":18,"column":17},"end":{"line":19,"column":73}},"8":{"start":{"line":19,"column":4},"end":{"line":19,"column":73}},"9":{"start":{"line":20,"column":2},"end":{"line":20,"column":58}},"10":{"start":{"line":23,"column":19},"end":{"line":34,"column":1}},"11":{"start":{"line":25,"column":23},"end":{"line":30,"column":4}},"12":{"start":{"line":25,"column":62},"end":{"line":30,"column":3}},"13":{"start":{"line":31,"column":19},"end":{"line":32,"column":56}},"14":{"start":{"line":32,"column":4},"end":{"line":32,"column":56}},"15":{"start":{"line":33,"column":2},"end":{"line":33,"column":28}},"16":{"start":{"line":39,"column":18},"end":{"line":42,"column":1}},"17":{"start":{"line":40,"column":2},"end":{"line":40,"column":71}},"18":{"start":{"line":40,"column":15},"end":{"line":40,"column":71}},"19":{"start":{"line":41,"column":2},"end":{"line":41,"column":16}},"20":{"start":{"line":47,"column":23},"end":{"line":56,"column":1}},"21":{"start":{"line":48,"column":17},"end":{"line":48,"column":28}},"22":{"start":{"line":49,"column":23},"end":{"line":49,"column":47}},"23":{"start":{"line":51,"column":2},"end":{"line":55,"column":5}},"24":{"start":{"line":68,"column":25},"end":{"line":88,"column":1}},"25":{"start":{"line":75,"column":2},"end":{"line":85,"column":5}},"26":{"start":{"line":87,"column":2},"end":{"line":87,"column":69}},"27":{"start":{"line":90,"column":0},"end":{"line":94,"column":2}}},"fnMap":{"0":{"name":"(anonymous_0)","decl":{"start":{"line":6,"column":18},"end":{"line":6,"column":19}},"loc":{"start":{"line":6,"column":24},"end":{"line":21,"column":1}},"line":6},"1":{"name":"(anonymous_1)","decl":{"start":{"line":7,"column":24},"end":{"line":7,"column":25}},"loc":{"start":{"line":14,"column":4},"end":{"line":14,"column":78}},"line":14},"2":{"name":"(anonymous_2)","decl":{"start":{"line":16,"column":22},"end":{"line":16,"column":23}},"loc":{"start":{"line":17,"column":4},"end":{"line":17,"column":42}},"line":17},"3":{"name":"(anonymous_3)","decl":{"start":{"line":18,"column":17},"end":{"line":18,"column":18}},"loc":{"start":{"line":19,"column":4},"end":{"line":19,"column":73}},"line":19},"4":{"name":"(anonymous_4)","decl":{"start":{"line":23,"column":19},"end":{"line":23,"column":20}},"loc":{"start":{"line":23,"column":25},"end":{"line":34,"column":1}},"line":23},"5":{"name":"(anonymous_5)","decl":{"start":{"line":25,"column":23},"end":{"line":25,"column":24}},"loc":{"start":{"line":25,"column":62},"end":{"line":30,"column":3}},"line":25},"6":{"name":"(anonymous_6)","decl":{"start":{"line":31,"column":19},"end":{"line":31,"column":20}},"loc":{"start":{"line":32,"column":4},"end":{"line":32,"column":56}},"line":32},"7":{"name":"(anonymous_7)","decl":{"start":{"line":39,"column":18},"end":{"line":39,"column":19}},"loc":{"start":{"line":39,"column":24},"end":{"line":42,"column":1}},"line":39},"8":{"name":"(anonymous_8)","decl":{"start":{"line":47,"column":23},"end":{"line":47,"column":24}},"loc":{"start":{"line":47,"column":44},"end":{"line":56,"column":1}},"line":47},"9":{"name":"(anonymous_9)","decl":{"start":{"line":68,"column":25},"end":{"line":68,"column":26}},"loc":{"start":{"line":74,"column":6},"end":{"line":88,"column":1}},"line":74}},"branchMap":{"0":{"loc":{"start":{"line":11,"column":4},"end":{"line":11,"column":19}},"type":"default-arg","locations":[{"start":{"line":11,"column":11},"end":{"line":11,"column":19}}],"line":11},"1":{"loc":{"start":{"line":19,"column":4},"end":{"line":19,"column":73}},"type":"cond-expr","locations":[{"start":{"line":19,"column":34},"end":{"line":19,"column":51}},{"start":{"line":19,"column":54},"end":{"line":19,"column":73}}],"line":19},"2":{"loc":{"start":{"line":32,"column":4},"end":{"line":32,"column":56}},"type":"cond-expr","locations":[{"start":{"line":32,"column":29},"end":{"line":32,"column":48}},{"start":{"line":32,"column":51},"end":{"line":32,"column":56}}],"line":32},"3":{"loc":{"start":{"line":40,"column":2},"end":{"line":40,"column":71}},"type":"if","locations":[{"start":{"line":40,"column":2},"end":{"line":40,"column":71}},{"start":{},"end":{}}],"line":40},"4":{"loc":{"start":{"line":47,"column":30},"end":{"line":47,"column":39}},"type":"default-arg","locations":[{"start":{"line":47,"column":37},"end":{"line":47,"column":39}}],"line":47},"5":{"loc":{"start":{"line":52,"column":10},"end":{"line":52,"column":57}},"type":"cond-expr","locations":[{"start":{"line":52,"column":25},"end":{"line":52,"column":50}},{"start":{"line":52,"column":53},"end":{"line":52,"column":57}}],"line":52},"6":{"loc":{"start":{"line":72,"column":2},"end":{"line":72,"column":18}},"type":"default-arg","locations":[{"start":{"line":72,"column":16},"end":{"line":72,"column":18}}],"line":72},"7":{"loc":{"start":{"line":73,"column":2},"end":{"line":73,"column":22}},"type":"default-arg","locations":[{"start":{"line":73,"column":20},"end":{"line":73,"column":22}}],"line":73},"8":{"loc":{"start":{"line":78,"column":12},"end":{"line":78,"column":53}},"type":"cond-expr","locations":[{"start":{"line":78,"column":27},"end":{"line":78,"column":39}},{"start":{"line":78,"column":42},"end":{"line":78,"column":53}}],"line":78}},"s":{"0":1,"1":1,"2":1,"3":0,"4":0,"5":0,"6":0,"7":0,"8":0,"9":0,"10":1,"11":0,"12":0,"13":0,"14":0,"15":0,"16":1,"17":2,"18":2,"19":0,"20":1,"21":2,"22":0,"23":0,"24":1,"25":0,"26":0,"27":1},"f":{"0":0,"1":0,"2":0,"3":0,"4":0,"5":0,"6":0,"7":2,"8":2,"9":0},"b":{"0":[0],"1":[0,0],"2":[0,0],"3":[2,0],"4":[2],"5":[0,0],"6":[0],"7":[0],"8":[0,0]},"_coverageSchema":"1a1c01bbd47fc00a2c39e90264f33305004495a9","hash":"a70b6e2b93e08b733171681acafc553b26901d27"}
,"C:\\Users\\KobeD\\Dropbox\\My PC (LAPTOP-BJSR469K)\\Documents\\TI-G2A2\\Web-services\\ExamenOpdracht\\webservices-pieter-2122-kobeDehandschutter\\src\\data\\index.js": {"path":"C:\\Users\\KobeD\\Dropbox\\My PC (LAPTOP-BJSR469K)\\Documents\\TI-G2A2\\Web-services\\ExamenOpdracht\\webservices-pieter-2122-kobeDehandschutter\\src\\data\\index.js","statementMap":{"0":{"start":{"line":1,"column":15},"end":{"line":1,"column":32}},"1":{"start":{"line":2,"column":13},"end":{"line":2,"column":28}},"2":{"start":{"line":3,"column":17},"end":{"line":3,"column":34}},"3":{"start":{"line":4,"column":22},"end":{"line":4,"column":48}},"4":{"start":{"line":6,"column":24},"end":{"line":6,"column":53}},"5":{"start":{"line":7,"column":22},"end":{"line":7,"column":49}},"6":{"start":{"line":8,"column":22},"end":{"line":8,"column":49}},"7":{"start":{"line":9,"column":22},"end":{"line":9,"column":49}},"8":{"start":{"line":10,"column":26},"end":{"line":10,"column":57}},"9":{"start":{"line":11,"column":26},"end":{"line":11,"column":57}},"10":{"start":{"line":15,"column":22},"end":{"line":25,"column":3}},"11":{"start":{"line":26,"column":2},"end":{"line":26,"column":35}},"12":{"start":{"line":27,"column":2},"end":{"line":34,"column":3}},"13":{"start":{"line":28,"column":4},"end":{"line":28,"column":51}},"14":{"start":{"line":29,"column":19},"end":{"line":29,"column":63}},"15":{"start":{"line":31,"column":4},"end":{"line":31,"column":42}},"16":{"start":{"line":33,"column":4},"end":{"line":33,"column":59}},"17":{"start":{"line":36,"column":2},"end":{"line":36,"column":22}},"18":{"start":{"line":39,"column":2},"end":{"line":42,"column":6}},"19":{"start":{"line":40,"column":4},"end":{"line":42,"column":6}},"20":{"start":{"line":43,"column":2},"end":{"line":43,"column":22}},"21":{"start":{"line":46,"column":15},"end":{"line":49,"column":2}},"22":{"start":{"line":51,"column":0},"end":{"line":55,"column":2}}},"fnMap":{"0":{"name":"initializeData","decl":{"start":{"line":14,"column":15},"end":{"line":14,"column":29}},"loc":{"start":{"line":14,"column":32},"end":{"line":37,"column":1}},"line":14},"1":{"name":"getKnex","decl":{"start":{"line":38,"column":9},"end":{"line":38,"column":16}},"loc":{"start":{"line":38,"column":19},"end":{"line":44,"column":1}},"line":38}},"branchMap":{"0":{"loc":{"start":{"line":39,"column":2},"end":{"line":42,"column":6}},"type":"if","locations":[{"start":{"line":39,"column":2},"end":{"line":42,"column":6}},{"start":{},"end":{}}],"line":39}},"s":{"0":1,"1":1,"2":1,"3":1,"4":1,"5":1,"6":1,"7":1,"8":1,"9":1,"10":0,"11":0,"12":0,"13":0,"14":0,"15":0,"16":0,"17":0,"18":0,"19":0,"20":0,"21":1,"22":1},"f":{"0":0,"1":0},"b":{"0":[0,0]},"_coverageSchema":"1a1c01bbd47fc00a2c39e90264f33305004495a9","hash":"f0e26e0198a1c97ba2b3291529bf1db0c63c3e5b"}
,"C:\\Users\\KobeD\\Dropbox\\My PC (LAPTOP-BJSR469K)\\Documents\\TI-G2A2\\Web-services\\ExamenOpdracht\\webservices-pieter-2122-kobeDehandschutter\\src\\repository\\film.js": {"path":"C:\\Users\\KobeD\\Dropbox\\My PC (LAPTOP-BJSR469K)\\Documents\\TI-G2A2\\Web-services\\ExamenOpdracht\\webservices-pieter-2122-kobeDehandschutter\\src\\repository\\film.js","statementMap":{"0":{"start":{"line":1,"column":13},"end":{"line":1,"column":28}},"1":{"start":{"line":2,"column":28},"end":{"line":2,"column":52}},"2":{"start":{"line":3,"column":27},"end":{"line":3,"column":53}},"3":{"start":{"line":12,"column":16},"end":{"line":14,"column":1}},"4":{"start":{"line":13,"column":2},"end":{"line":13,"column":78}},"5":{"start":{"line":16,"column":16},"end":{"line":41,"column":1}},"6":{"start":{"line":24,"column":2},"end":{"line":40,"column":3}},"7":{"start":{"line":25,"column":4},"end":{"line":32,"column":7}},"8":{"start":{"line":33,"column":4},"end":{"line":33,"column":33}},"9":{"start":{"line":35,"column":19},"end":{"line":35,"column":46}},"10":{"start":{"line":36,"column":4},"end":{"line":38,"column":7}},"11":{"start":{"line":39,"column":4},"end":{"line":39,"column":16}},"12":{"start":{"line":43,"column":0},"end":{"line":46,"column":2}}},"fnMap":{"0":{"name":"(anonymous_0)","decl":{"start":{"line":12,"column":16},"end":{"line":12,"column":17}},"loc":{"start":{"line":12,"column":39},"end":{"line":14,"column":1}},"line":12},"1":{"name":"(anonymous_1)","decl":{"start":{"line":16,"column":16},"end":{"line":16,"column":17}},"loc":{"start":{"line":23,"column":6},"end":{"line":41,"column":1}},"line":23}},"branchMap":{},"s":{"0":1,"1":1,"2":1,"3":1,"4":0,"5":1,"6":0,"7":0,"8":0,"9":0,"10":0,"11":0,"12":1},"f":{"0":0,"1":0},"b":{},"_coverageSchema":"1a1c01bbd47fc00a2c39e90264f33305004495a9","hash":"132bae0117f0ee1b48a092a306d74c2ba499873e"}
,"C:\\Users\\KobeD\\Dropbox\\My PC (LAPTOP-BJSR469K)\\Documents\\TI-G2A2\\Web-services\\ExamenOpdracht\\webservices-pieter-2122-kobeDehandschutter\\src\\service\\film.js": {"path":"C:\\Users\\KobeD\\Dropbox\\My PC (LAPTOP-BJSR469K)\\Documents\\TI-G2A2\\Web-services\\ExamenOpdracht\\webservices-pieter-2122-kobeDehandschutter\\src\\service\\film.js","statementMap":{"0":{"start":{"line":1,"column":15},"end":{"line":1,"column":32}},"1":{"start":{"line":2,"column":27},"end":{"line":2,"column":53}},"2":{"start":{"line":3,"column":23},"end":{"line":3,"column":52}},"3":{"start":{"line":5,"column":33},"end":{"line":5,"column":63}},"4":{"start":{"line":6,"column":34},"end":{"line":6,"column":65}},"5":{"start":{"line":8,"column":17},"end":{"line":11,"column":1}},"6":{"start":{"line":9,"column":2},"end":{"line":9,"column":47}},"7":{"start":{"line":10,"column":2},"end":{"line":10,"column":35}},"8":{"start":{"line":19,"column":15},"end":{"line":26,"column":1}},"9":{"start":{"line":23,"column":2},"end":{"line":23,"column":52}},"10":{"start":{"line":24,"column":15},"end":{"line":24,"column":62}},"11":{"start":{"line":25,"column":2},"end":{"line":25,"column":18}},"12":{"start":{"line":28,"column":16},"end":{"line":45,"column":1}},"13":{"start":{"line":36,"column":15},"end":{"line":43,"column":4}},"14":{"start":{"line":44,"column":2},"end":{"line":44,"column":24}},"15":{"start":{"line":47,"column":0},"end":{"line":50,"column":2}}},"fnMap":{"0":{"name":"(anonymous_0)","decl":{"start":{"line":8,"column":17},"end":{"line":8,"column":18}},"loc":{"start":{"line":8,"column":41},"end":{"line":11,"column":1}},"line":8},"1":{"name":"(anonymous_1)","decl":{"start":{"line":19,"column":15},"end":{"line":19,"column":16}},"loc":{"start":{"line":22,"column":5},"end":{"line":26,"column":1}},"line":22},"2":{"name":"(anonymous_2)","decl":{"start":{"line":28,"column":16},"end":{"line":28,"column":17}},"loc":{"start":{"line":35,"column":6},"end":{"line":45,"column":1}},"line":35}},"branchMap":{"0":{"loc":{"start":{"line":8,"column":27},"end":{"line":8,"column":36}},"type":"default-arg","locations":[{"start":{"line":8,"column":34},"end":{"line":8,"column":36}}],"line":8},"1":{"loc":{"start":{"line":20,"column":2},"end":{"line":20,"column":34}},"type":"default-arg","locations":[{"start":{"line":20,"column":10},"end":{"line":20,"column":34}}],"line":20},"2":{"loc":{"start":{"line":21,"column":2},"end":{"line":21,"column":36}},"type":"default-arg","locations":[{"start":{"line":21,"column":11},"end":{"line":21,"column":36}}],"line":21}},"s":{"0":1,"1":1,"2":1,"3":1,"4":1,"5":1,"6":2,"7":0,"8":1,"9":2,"10":0,"11":0,"12":1,"13":0,"14":0,"15":1},"f":{"0":2,"1":2,"2":0},"b":{"0":[0],"1":[0],"2":[0]},"_coverageSchema":"1a1c01bbd47fc00a2c39e90264f33305004495a9","hash":"2669494ab0b58fb81e9c5f256be077b644b1dcb5"}
}
